PREFIX: 2016/07/19 08:31:51 main.go:13: Config {}
2016/07/19 08:32:19 main.go:13: Config {}
2016/07/19 08:39:45 main.go:13: Config {}
2016/07/19 08:40:58 main.go:13: Config {}
2016/07/19 08:40:58 main.go:14: path 
2016/07/19 08:42:11 main.go:13: Config {}
2016/07/19 08:42:11 main.go:14: path: 
2016/07/19 08:43:06 config.go:36: Load file ./config.yml
2016/07/19 08:43:06 config.go:56: --- Loaded configuration:
&{}

2016/07/19 08:43:06 main.go:13: Config {}
2016/07/19 08:43:06 main.go:14: path: 
2016/07/19 08:43:57 config.go:36: Load file ./config.yml
2016/07/19 08:43:57 config.go:56: Loaded configuration
2016/07/19 08:43:57 main.go:13: Config {}
2016/07/19 08:43:57 main.go:14: path: 
2016/07/19 08:44:23 config.go:36: Load file ./config.yml
2016/07/19 08:44:23 config.go:56: Loaded configuration
2016/07/19 08:44:23 main.go:13: Config {}
2016/07/19 08:44:23 main.go:14: path: 
2016/07/19 08:49:30 config.go:37: Load file ./config.yml
2016/07/19 08:49:30 fetch.go:38: Load file ./config.yml
2016/07/19 08:49:30 config.go:57: Loaded configuration
2016/07/19 08:49:30 main.go:13: Config {}
2016/07/19 08:49:30 main.go:14: path: 
2016/07/19 08:50:03 config.go:37: Load configuration
2016/07/19 08:50:03 fetch.go:38: Load file ./config.yml
2016/07/19 08:50:03 config.go:57: Configuration loaded
2016/07/19 08:50:03 main.go:13: Config {}
2016/07/19 08:50:03 main.go:14: path: 
2016/07/19 08:55:04 config.go:37: Load configuration
2016/07/19 08:55:04 fetch.go:38: Load file ./config.yml
2016/07/19 08:55:04 config.go:57: Configuration loaded
2016/07/19 08:55:04 main.go:13: Config {}
2016/07/19 08:55:04 main.go:14: path: 
2016/07/19 10:20:39 config.go:37: Load configuration
2016/07/19 10:20:39 fetch.go:38: Load file ./config.yml
2016/07/19 10:20:39 config.go:57: Configuration loaded
2016/07/19 10:20:39 main.go:14: Config {}
2016/07/19 10:20:39 main.go:15: path: 
2016/07/19 10:20:39 fetch.go:38: Load file /docs/dbus-xml/iot.agile.DeviceManager.xml
2016/07/19 10:20:39 fetch.go:19: open /docs/dbus-xml/iot.agile.DeviceManager.xml: no such file or directory
2016/07/19 10:29:28 config.go:37: Load configuration
2016/07/19 10:29:28 fetch.go:38: Load file ./config.yml
2016/07/19 10:29:28 config.go:57: Configuration loaded
2016/07/19 10:29:28 main.go:14: Config {../agile-api-spec}
2016/07/19 10:29:28 main.go:15: path: ../agile-api-spec
2016/07/19 10:29:28 fetch.go:38: Load file ../agile-api-spec/docs/dbus-xml/iot.agile.DeviceManager.xml
2016/07/19 10:29:28 fetch.go:19: open ../agile-api-spec/docs/dbus-xml/iot.agile.DeviceManager.xml: no such file or directory
2016/07/19 10:29:47 config.go:37: Load configuration
2016/07/19 10:29:47 fetch.go:38: Load file ./config.yml
2016/07/19 10:29:47 config.go:57: Configuration loaded
2016/07/19 10:29:47 main.go:14: Config {../agile-api-spec}
2016/07/19 10:29:47 fetch.go:38: Load file ../agile-api-spec/docs/dbus-xml/iot.agile.DeviceManager.xml
2016/07/19 10:29:47 fetch.go:19: open ../agile-api-spec/docs/dbus-xml/iot.agile.DeviceManager.xml: no such file or directory
2016/07/19 10:30:28 config.go:37: Load configuration
2016/07/19 10:30:28 fetch.go:38: Load file ./config.yml
2016/07/19 10:30:28 config.go:57: Configuration loaded
2016/07/19 10:30:28 main.go:14: Config {~/git/github.com/agile-api-spec}
2016/07/19 10:30:28 fetch.go:38: Load file ~/git/github.com/agile-api-spec/docs/dbus-xml/iot.agile.DeviceManager.xml
2016/07/19 10:30:28 fetch.go:19: open ~/git/github.com/agile-api-spec/docs/dbus-xml/iot.agile.DeviceManager.xml: no such file or directory
2016/07/19 10:32:46 config.go:37: Load configuration
2016/07/19 10:32:46 fetch.go:38: Load file ./config.yml
2016/07/19 10:32:46 config.go:57: Configuration loaded
2016/07/19 10:32:46 main.go:14: Config {~/git/github.com/agile-api-spec/docs/dbus-xml}
2016/07/19 10:32:46 fetch.go:38: Load file ~/git/github.com/agile-api-spec/docs/dbus-xml/docs/dbus-xml/iot.agile.DeviceManager.xml
2016/07/19 10:32:46 fetch.go:19: open ~/git/github.com/agile-api-spec/docs/dbus-xml/docs/dbus-xml/iot.agile.DeviceManager.xml: no such file or directory
2016/07/19 10:47:34 config.go:37: Load configuration
2016/07/19 10:47:34 fetch.go:38: Load file ./config.yml
2016/07/19 10:47:34 config.go:57: Configuration loaded
2016/07/19 10:47:34 main.go:14: Config {~/git/github.com/agile-api-spec/docs/dbus-xml}
2016/07/19 10:47:34 fetch.go:38: Load file /home/l/go/src/github.com/muka/device-manager/~/git/github.com/agile-api-spec/docs/dbus-xml/docs/dbus-xml/iot.agile.DeviceManager.xml
2016/07/19 10:47:34 fetch.go:19: open /home/l/go/src/github.com/muka/device-manager/~/git/github.com/agile-api-spec/docs/dbus-xml/docs/dbus-xml/iot.agile.DeviceManager.xml: no such file or directory
2016/07/19 11:02:17 config.go:37: Load configuration
2016/07/19 11:02:17 fetch.go:38: Load file ./config.yml
2016/07/19 11:02:17 config.go:57: Configuration loaded
2016/07/19 11:02:17 main.go:14: Config {~/git/github.com/agile-api-spec/docs/dbus-xml}
2016/07/19 11:02:17 fetch.go:38: Load file /home/lgit/github.com/agile-api-spec/docs/dbus-xml/docs/dbus-xml/iot.agile.DeviceManager.xml
2016/07/19 11:02:17 fetch.go:19: open /home/lgit/github.com/agile-api-spec/docs/dbus-xml/docs/dbus-xml/iot.agile.DeviceManager.xml: no such file or directory
2016/07/19 11:02:38 config.go:37: Load configuration
2016/07/19 11:02:38 fetch.go:38: Load file ./config.yml
2016/07/19 11:02:38 config.go:57: Configuration loaded
2016/07/19 11:02:38 main.go:14: Config {~/git/github.com/agile-api-spec/docs/dbus-xml}
2016/07/19 11:02:38 fetch.go:38: Load file /home/lgit/github.com/agile-api-spec/docs/dbus-xml/docs/dbus-xml/iot.agile.DeviceManager.xml
2016/07/19 11:02:38 fetch.go:19: open /home/lgit/github.com/agile-api-spec/docs/dbus-xml/docs/dbus-xml/iot.agile.DeviceManager.xml: no such file or directory
2016/07/19 11:02:50 config.go:37: Load configuration
2016/07/19 11:02:50 fetch.go:38: Load file ./config.yml
2016/07/19 11:02:50 config.go:57: Configuration loaded
2016/07/19 11:02:50 main.go:14: Config {~/git/github.com/agile-api-spec/docs/dbus-xml}
2016/07/19 11:02:50 fetch.go:38: Load file /home/lgit/github.com/agile-api-spec/docs/dbus-xml/docs/dbus-xml/iot.agile.DeviceManager.xml
2016/07/19 11:02:50 fetch.go:19: open /home/lgit/github.com/agile-api-spec/docs/dbus-xml/docs/dbus-xml/iot.agile.DeviceManager.xml: no such file or directory
2016/07/19 11:03:11 config.go:37: Load configuration
2016/07/19 11:03:11 fetch.go:38: Load file ./config.yml
2016/07/19 11:03:11 config.go:57: Configuration loaded
2016/07/19 11:03:11 main.go:14: Config {~/git/github.com/agile-api-spec/docs/dbus-xml}
2016/07/19 11:03:11 fetch.go:38: Load file /home/l/git/github.com/agile-api-spec/docs/dbus-xml/docs/dbus-xml/iot.agile.DeviceManager.xml
2016/07/19 11:03:11 fetch.go:19: open /home/l/git/github.com/agile-api-spec/docs/dbus-xml/docs/dbus-xml/iot.agile.DeviceManager.xml: no such file or directory
2016/07/19 11:04:20 config.go:37: Load configuration
2016/07/19 11:04:20 fetch.go:38: Load file ./config.yml
2016/07/19 11:04:20 config.go:57: Configuration loaded
2016/07/19 11:04:20 main.go:14: Config {~/git/github.com/agile-api-spec/docs/dbus-xml}
2016/07/19 11:04:20 fetch.go:38: Load file /home/l/git/github.com/agile-api-spec/docs/dbus-xml/docs/dbus-xml/iot.agile.DeviceManager.xml
2016/07/19 11:04:20 fetch.go:19: open /home/l/git/github.com/agile-api-spec/docs/dbus-xml/docs/dbus-xml/iot.agile.DeviceManager.xml: no such file or directory
2016/07/19 11:04:44 config.go:37: Load configuration
2016/07/19 11:04:44 fetch.go:38: Load file ./config.yml
2016/07/19 11:04:44 config.go:57: Configuration loaded
2016/07/19 11:04:44 main.go:14: Config {~/git/github.com/agile-api-spec/docs/dbus-xml}
2016/07/19 11:04:44 fetch.go:38: Load file /home/l/git/github.com/agile-api-spec/docs/dbus-xml/iot.agile.DeviceManager.xml
2016/07/19 11:04:44 daemon.go:60: DBus XML
: <!DOCTYPE node PUBLIC "-//freedesktop//DTD D-BUS Object Introspection 1.0//EN"
       "http://www.freedesktop.org/standards/dbus/1.0/introspect.dtd">
<node name="/iot/agile/DeviceManager">

  <interface name="iot.agile.DeviceManager">
    <!--
    @see iot.agile.DeviceManager.Find
    @link http://agile-iot.github.io/agile-api-spec/docs/html/api.html#iot_agile_DeviceManager_Find
  -->
  <method name="Find">
  
      <arg name="query" type="{vvdd}" direction="in"/>
      <arg name="return" type="o" direction="out"/>
  
  </method>

  <!--
    @see iot.agile.DeviceManager.Create
    @link http://agile-iot.github.io/agile-api-spec/docs/html/api.html#iot_agile_DeviceManager_Create
  -->
  <method name="Create">
  
      <arg name="device" type="{ssssv({ssv})}" direction="in"/>
      <arg name="return" type="s" direction="out"/>
  
  </method>

  <!--
    @see iot.agile.DeviceManager.Read
    @link http://agile-iot.github.io/agile-api-spec/docs/html/api.html#iot_agile_DeviceManager_Read
  -->
  <method name="Read">
  
      <arg name="Id" type="s" direction="in"/>
      <arg name="return" type="{ssssv({ssv})}" direction="out"/>
  
  </method>

  <!--
    @see iot.agile.DeviceManager.Update
    @link http://agile-iot.github.io/agile-api-spec/docs/html/api.html#iot_agile_DeviceManager_Update
  -->
  <method name="Update">
  
      <arg name="Id" type="s" direction="in"/>
      <arg name="Definition" type="{ssssv({ssv})}" direction="in"/>
      <arg name="return" type="b" direction="out"/>
  
  </method>

  <!--
    @see iot.agile.DeviceManager.Delete
    @link http://agile-iot.github.io/agile-api-spec/docs/html/api.html#iot_agile_DeviceManager_Delete
  -->
  <method name="Delete">
  
      <arg name="Id" type="s" direction="in"/>
      <arg name="Definition" type="{ssssv({ssv})}" direction="in"/>
      <arg name="return" type="b" direction="out"/>
  
  </method>

  <!--
    @see iot.agile.DeviceManager.Batch
    @link http://agile-iot.github.io/agile-api-spec/docs/html/api.html#iot_agile_DeviceManager_Batch
  -->
  <method name="Batch">
  
      <arg name="operation" type="(i)" direction="in"/>
      <arg name="arguments" type="v" direction="in"/>
      <arg name="return" type="b" direction="out"/>
  
  </method>
  <!--
    @see iot.agile.DeviceManager.Devices
    @link http://agile-iot.github.io/agile-api-spec/docs/html/api.html#iot_agile_DeviceManager_Devices
  -->
  <property
    name="Devices"
    type="o"
    access="read"
    />
<signal name="DevicesChanged">

  <arg name="Devices" type="o" />

</signal>

  </interface>


	<interface name="org.freedesktop.DBus.Introspectable">
		<method name="Introspect">
			<arg name="out" direction="out" type="s"/>
		</method>
	</interface>
</node>

2016/07/19 11:05:10 config.go:37: Load configuration
2016/07/19 11:05:10 fetch.go:38: Load file ./config.yml
2016/07/19 11:05:10 config.go:57: Configuration loaded
2016/07/19 11:05:10 main.go:14: Config {~/git/github.com/agile-api-spec/docs/dbus-xml}
2016/07/19 11:05:10 fetch.go:38: Load file /home/l/git/github.com/agile-api-spec/docs/dbus-xml/iot.agile.DeviceManager.xml
2016/07/19 11:05:10 daemon.go:60: DBus XML
: <!DOCTYPE node PUBLIC "-//freedesktop//DTD D-BUS Object Introspection 1.0//EN"
       "http://www.freedesktop.org/standards/dbus/1.0/introspect.dtd">
 name="/iot/agile/DeviceManager">

  <interface name="iot.agile.DeviceManager">
    <!--
    @see iot.agile.DeviceManager.Find
    @link http://agile-iot.github.io/agile-api-spec/docs/html/api.html#iot_agile_DeviceManager_Find
  -->
  <method name="Find">
  
      <arg name="query" type="{vvdd}" direction="in"/>
      <arg name="return" type="o" direction="out"/>
  
  </method>

  <!--
    @see iot.agile.DeviceManager.Create
    @link http://agile-iot.github.io/agile-api-spec/docs/html/api.html#iot_agile_DeviceManager_Create
  -->
  <method name="Create">
  
      <arg name="device" type="{ssssv({ssv})}" direction="in"/>
      <arg name="return" type="s" direction="out"/>
  
  </method>

  <!--
    @see iot.agile.DeviceManager.Read
    @link http://agile-iot.github.io/agile-api-spec/docs/html/api.html#iot_agile_DeviceManager_Read
  -->
  <method name="Read">
  
      <arg name="Id" type="s" direction="in"/>
      <arg name="return" type="{ssssv({ssv})}" direction="out"/>
  
  </method>

  <!--
    @see iot.agile.DeviceManager.Update
    @link http://agile-iot.github.io/agile-api-spec/docs/html/api.html#iot_agile_DeviceManager_Update
  -->
  <method name="Update">
  
      <arg name="Id" type="s" direction="in"/>
      <arg name="Definition" type="{ssssv({ssv})}" direction="in"/>
      <arg name="return" type="b" direction="out"/>
  
  </method>

  <!--
    @see iot.agile.DeviceManager.Delete
    @link http://agile-iot.github.io/agile-api-spec/docs/html/api.html#iot_agile_DeviceManager_Delete
  -->
  <method name="Delete">
  
      <arg name="Id" type="s" direction="in"/>
      <arg name="Definition" type="{ssssv({ssv})}" direction="in"/>
      <arg name="return" type="b" direction="out"/>
  
  </method>

  <!--
    @see iot.agile.DeviceManager.Batch
    @link http://agile-iot.github.io/agile-api-spec/docs/html/api.html#iot_agile_DeviceManager_Batch
  -->
  <method name="Batch">
  
      <arg name="operation" type="(i)" direction="in"/>
      <arg name="arguments" type="v" direction="in"/>
      <arg name="return" type="b" direction="out"/>
  
  </method>
  <!--
    @see iot.agile.DeviceManager.Devices
    @link http://agile-iot.github.io/agile-api-spec/docs/html/api.html#iot_agile_DeviceManager_Devices
  -->
  <property
    name="Devices"
    type="o"
    access="read"
    />
<signal name="DevicesChanged">

  <arg name="Devices" type="o" />

</signal>

  </interface>


	<interface name="org.freedesktop.DBus.Introspectable">
		<method name="Introspect">
			<arg name="out" direction="out" type="s"/>
		</method>
	</interface>
</node>

2016/07/19 11:05:54 config.go:37: Load configuration
2016/07/19 11:05:54 fetch.go:38: Load file ./config.yml
2016/07/19 11:05:54 config.go:57: Configuration loaded
2016/07/19 11:05:54 main.go:14: Config {~/git/github.com/agile-api-spec/docs/dbus-xml}
2016/07/19 11:05:54 fetch.go:38: Load file /home/l/git/github.com/agile-api-spec/docs/dbus-xml/iot.agile.DeviceManager.xml
2016/07/19 11:05:54 daemon.go:60: DBus XML:

 <!DOCTYPE node PUBLIC "-//freedesktop//DTD D-BUS Object Introspection 1.0//EN"
       "http://www.freedesktop.org/standards/dbus/1.0/introspect.dtd">
 name="/iot/agile/DeviceManager">

  <interface name="iot.agile.DeviceManager">
    <!--
    @see iot.agile.DeviceManager.Find
    @link http://agile-iot.github.io/agile-api-spec/docs/html/api.html#iot_agile_DeviceManager_Find
  -->
  <method name="Find">
  
      <arg name="query" type="{vvdd}" direction="in"/>
      <arg name="return" type="o" direction="out"/>
  
  </method>

  <!--
    @see iot.agile.DeviceManager.Create
    @link http://agile-iot.github.io/agile-api-spec/docs/html/api.html#iot_agile_DeviceManager_Create
  -->
  <method name="Create">
  
      <arg name="device" type="{ssssv({ssv})}" direction="in"/>
      <arg name="return" type="s" direction="out"/>
  
  </method>

  <!--
    @see iot.agile.DeviceManager.Read
    @link http://agile-iot.github.io/agile-api-spec/docs/html/api.html#iot_agile_DeviceManager_Read
  -->
  <method name="Read">
  
      <arg name="Id" type="s" direction="in"/>
      <arg name="return" type="{ssssv({ssv})}" direction="out"/>
  
  </method>

  <!--
    @see iot.agile.DeviceManager.Update
    @link http://agile-iot.github.io/agile-api-spec/docs/html/api.html#iot_agile_DeviceManager_Update
  -->
  <method name="Update">
  
      <arg name="Id" type="s" direction="in"/>
      <arg name="Definition" type="{ssssv({ssv})}" direction="in"/>
      <arg name="return" type="b" direction="out"/>
  
  </method>

  <!--
    @see iot.agile.DeviceManager.Delete
    @link http://agile-iot.github.io/agile-api-spec/docs/html/api.html#iot_agile_DeviceManager_Delete
  -->
  <method name="Delete">
  
      <arg name="Id" type="s" direction="in"/>
      <arg name="Definition" type="{ssssv({ssv})}" direction="in"/>
      <arg name="return" type="b" direction="out"/>
  
  </method>

  <!--
    @see iot.agile.DeviceManager.Batch
    @link http://agile-iot.github.io/agile-api-spec/docs/html/api.html#iot_agile_DeviceManager_Batch
  -->
  <method name="Batch">
  
      <arg name="operation" type="(i)" direction="in"/>
      <arg name="arguments" type="v" direction="in"/>
      <arg name="return" type="b" direction="out"/>
  
  </method>
  <!--
    @see iot.agile.DeviceManager.Devices
    @link http://agile-iot.github.io/agile-api-spec/docs/html/api.html#iot_agile_DeviceManager_Devices
  -->
  <property
    name="Devices"
    type="o"
    access="read"
    />
<signal name="DevicesChanged">

  <arg name="Devices" type="o" />

</signal>

  </interface>


	<interface name="org.freedesktop.DBus.Introspectable">
		<method name="Introspect">
			<arg name="out" direction="out" type="s"/>
		</method>
	</interface>
</node>
 

2016/07/19 11:06:23 config.go:37: Load configuration
2016/07/19 11:06:23 fetch.go:38: Load file ./config.yml
2016/07/19 11:06:23 config.go:57: Configuration loaded
2016/07/19 11:06:23 main.go:14: Config {~/git/github.com/agile-api-spec/docs/dbus-xml}
2016/07/19 11:06:23 fetch.go:38: Load file /home/l/git/github.com/agile-api-spec/docs/dbus-xml/iot.agile.DeviceManager.xml
2016/07/19 11:06:23 daemon.go:60: DBus XML:

 <!DOCTYPE node PUBLIC "-//freedesktop//DTD D-BUS Object Introspection 1.0//EN"
       "http://www.freedesktop.org/standards/dbus/1.0/introspect.dtd">
<node name="/iot/agile/DeviceManager">

  <interface name="iot.agile.DeviceManager">
    <!--
    @see iot.agile.DeviceManager.Find
    @link http://agile-iot.github.io/agile-api-spec/docs/html/api.html#iot_agile_DeviceManager_Find
  -->
  <method name="Find">
  
      <arg name="query" type="{vvdd}" direction="in"/>
      <arg name="return" type="o" direction="out"/>
  
  </method>

  <!--
    @see iot.agile.DeviceManager.Create
    @link http://agile-iot.github.io/agile-api-spec/docs/html/api.html#iot_agile_DeviceManager_Create
  -->
  <method name="Create">
  
      <arg name="device" type="{ssssv({ssv})}" direction="in"/>
      <arg name="return" type="s" direction="out"/>
  
  </method>

  <!--
    @see iot.agile.DeviceManager.Read
    @link http://agile-iot.github.io/agile-api-spec/docs/html/api.html#iot_agile_DeviceManager_Read
  -->
  <method name="Read">
  
      <arg name="Id" type="s" direction="in"/>
      <arg name="return" type="{ssssv({ssv})}" direction="out"/>
  
  </method>

  <!--
    @see iot.agile.DeviceManager.Update
    @link http://agile-iot.github.io/agile-api-spec/docs/html/api.html#iot_agile_DeviceManager_Update
  -->
  <method name="Update">
  
      <arg name="Id" type="s" direction="in"/>
      <arg name="Definition" type="{ssssv({ssv})}" direction="in"/>
      <arg name="return" type="b" direction="out"/>
  
  </method>

  <!--
    @see iot.agile.DeviceManager.Delete
    @link http://agile-iot.github.io/agile-api-spec/docs/html/api.html#iot_agile_DeviceManager_Delete
  -->
  <method name="Delete">
  
      <arg name="Id" type="s" direction="in"/>
      <arg name="Definition" type="{ssssv({ssv})}" direction="in"/>
      <arg name="return" type="b" direction="out"/>
  
  </method>

  <!--
    @see iot.agile.DeviceManager.Batch
    @link http://agile-iot.github.io/agile-api-spec/docs/html/api.html#iot_agile_DeviceManager_Batch
  -->
  <method name="Batch">
  
      <arg name="operation" type="(i)" direction="in"/>
      <arg name="arguments" type="v" direction="in"/>
      <arg name="return" type="b" direction="out"/>
  
  </method>
  <!--
    @see iot.agile.DeviceManager.Devices
    @link http://agile-iot.github.io/agile-api-spec/docs/html/api.html#iot_agile_DeviceManager_Devices
  -->
  <property
    name="Devices"
    type="o"
    access="read"
    />
<signal name="DevicesChanged">

  <arg name="Devices" type="o" />

</signal>

  </interface>


	<interface name="org.freedesktop.DBus.Introspectable">
		<method name="Introspect">
			<arg name="out" direction="out" type="s"/>
		</method>
	</interface>
</node>
 

2016/07/19 11:11:46 config.go:37: Load configuration
2016/07/19 11:11:46 fetch.go:38: Load file ./config.yml
2016/07/19 11:11:46 config.go:57: Configuration loaded
2016/07/19 11:11:46 main.go:14: Config {~/git/github.com/agile-api-spec/docs/dbus-xml}
2016/07/19 11:11:46 fetch.go:38: Load file /home/l/git/github.com/agile-api-spec/docs/dbus-xml/iot.agile.DeviceManager.xml
2016/07/19 11:11:46 daemon.go:60: DBus XML:

 <node name="/iot/agile/DeviceManager">

  <interface name="iot.agile.DeviceManager">
    <!--
    @see iot.agile.DeviceManager.Find
    @link http://agile-iot.github.io/agile-api-spec/docs/html/api.html#iot_agile_DeviceManager_Find
  -->
  <method name="Find">
  
      <arg name="query" type="{vvdd}" direction="in"/>
      <arg name="return" type="o" direction="out"/>
  
  </method>

  <!--
    @see iot.agile.DeviceManager.Create
    @link http://agile-iot.github.io/agile-api-spec/docs/html/api.html#iot_agile_DeviceManager_Create
  -->
  <method name="Create">
  
      <arg name="device" type="{ssssv({ssv})}" direction="in"/>
      <arg name="return" type="s" direction="out"/>
  
  </method>

  <!--
    @see iot.agile.DeviceManager.Read
    @link http://agile-iot.github.io/agile-api-spec/docs/html/api.html#iot_agile_DeviceManager_Read
  -->
  <method name="Read">
  
      <arg name="Id" type="s" direction="in"/>
      <arg name="return" type="{ssssv({ssv})}" direction="out"/>
  
  </method>

  <!--
    @see iot.agile.DeviceManager.Update
    @link http://agile-iot.github.io/agile-api-spec/docs/html/api.html#iot_agile_DeviceManager_Update
  -->
  <method name="Update">
  
      <arg name="Id" type="s" direction="in"/>
      <arg name="Definition" type="{ssssv({ssv})}" direction="in"/>
      <arg name="return" type="b" direction="out"/>
  
  </method>

  <!--
    @see iot.agile.DeviceManager.Delete
    @link http://agile-iot.github.io/agile-api-spec/docs/html/api.html#iot_agile_DeviceManager_Delete
  -->
  <method name="Delete">
  
      <arg name="Id" type="s" direction="in"/>
      <arg name="Definition" type="{ssssv({ssv})}" direction="in"/>
      <arg name="return" type="b" direction="out"/>
  
  </method>

  <!--
    @see iot.agile.DeviceManager.Batch
    @link http://agile-iot.github.io/agile-api-spec/docs/html/api.html#iot_agile_DeviceManager_Batch
  -->
  <method name="Batch">
  
      <arg name="operation" type="(i)" direction="in"/>
      <arg name="arguments" type="v" direction="in"/>
      <arg name="return" type="b" direction="out"/>
  
  </method>
  <!--
    @see iot.agile.DeviceManager.Devices
    @link http://agile-iot.github.io/agile-api-spec/docs/html/api.html#iot_agile_DeviceManager_Devices
  -->
  <property
    name="Devices"
    type="o"
    access="read"
    />
<signal name="DevicesChanged">

  <arg name="Devices" type="o" />

</signal>

  </interface>


	<interface name="org.freedesktop.DBus.Introspectable">
		<method name="Introspect">
			<arg name="out" direction="out" type="s"/>
		</method>
	</interface>
</node>
 

